{"total": {"lines":{"total":334,"covered":326,"skipped":0,"pct":97.6},"statements":{"total":383,"covered":366,"skipped":0,"pct":95.56},"functions":{"total":138,"covered":129,"skipped":0,"pct":93.47},"branches":{"total":196,"covered":168,"skipped":0,"pct":85.71},"branchesTrue":{"total":0,"covered":0,"skipped":0,"pct":100}}
,"D:\\Projects\\the-golden-chariot-of-Belintash\\app\\src\\components\\menu\\MainMenuOccam.tsx": {"lines":{"total":47,"covered":45,"skipped":0,"pct":95.74},"functions":{"total":14,"covered":13,"skipped":0,"pct":92.85},"statements":{"total":55,"covered":49,"skipped":0,"pct":89.09},"branches":{"total":36,"covered":26,"skipped":0,"pct":72.22}}
,"D:\\Projects\\the-golden-chariot-of-Belintash\\app\\src\\components\\save\\SaveSlotOccam.tsx": {"lines":{"total":70,"covered":68,"skipped":0,"pct":97.14},"functions":{"total":27,"covered":26,"skipped":0,"pct":96.29},"statements":{"total":80,"covered":77,"skipped":0,"pct":96.25},"branches":{"total":77,"covered":63,"skipped":0,"pct":81.81}}
,"D:\\Projects\\the-golden-chariot-of-Belintash\\app\\src\\constants\\menuOptions.ts": {"lines":{"total":1,"covered":1,"skipped":0,"pct":100},"functions":{"total":0,"covered":0,"skipped":0,"pct":100},"statements":{"total":1,"covered":1,"skipped":0,"pct":100},"branches":{"total":0,"covered":0,"skipped":0,"pct":100}}
,"D:\\Projects\\the-golden-chariot-of-Belintash\\app\\src\\game\\data\\scenarioManifest.ts": {"lines":{"total":3,"covered":2,"skipped":0,"pct":66.66},"functions":{"total":2,"covered":1,"skipped":0,"pct":50},"statements":{"total":3,"covered":2,"skipped":0,"pct":66.66},"branches":{"total":0,"covered":0,"skipped":0,"pct":100}}
,"D:\\Projects\\the-golden-chariot-of-Belintash\\app\\src\\game\\types\\condition.ts": {"lines":{"total":9,"covered":9,"skipped":0,"pct":100},"functions":{"total":3,"covered":3,"skipped":0,"pct":100},"statements":{"total":9,"covered":9,"skipped":0,"pct":100},"branches":{"total":2,"covered":2,"skipped":0,"pct":100}}
,"D:\\Projects\\the-golden-chariot-of-Belintash\\app\\src\\game\\types\\consequence.ts": {"lines":{"total":7,"covered":6,"skipped":0,"pct":85.71},"functions":{"total":1,"covered":0,"skipped":0,"pct":0},"statements":{"total":7,"covered":6,"skipped":0,"pct":85.71},"branches":{"total":0,"covered":0,"skipped":0,"pct":100}}
,"D:\\Projects\\the-golden-chariot-of-Belintash\\app\\src\\game\\types\\gameState.ts": {"lines":{"total":7,"covered":7,"skipped":0,"pct":100},"functions":{"total":2,"covered":2,"skipped":0,"pct":100},"statements":{"total":8,"covered":8,"skipped":0,"pct":100},"branches":{"total":0,"covered":0,"skipped":0,"pct":100}}
,"D:\\Projects\\the-golden-chariot-of-Belintash\\app\\src\\game\\types\\scenario.ts": {"lines":{"total":7,"covered":7,"skipped":0,"pct":100},"functions":{"total":2,"covered":2,"skipped":0,"pct":100},"statements":{"total":7,"covered":7,"skipped":0,"pct":100},"branches":{"total":0,"covered":0,"skipped":0,"pct":100}}
,"D:\\Projects\\the-golden-chariot-of-Belintash\\app\\src\\game\\types\\skillCheck.ts": {"lines":{"total":16,"covered":16,"skipped":0,"pct":100},"functions":{"total":2,"covered":2,"skipped":0,"pct":100},"statements":{"total":16,"covered":16,"skipped":0,"pct":100},"branches":{"total":8,"covered":8,"skipped":0,"pct":100}}
,"D:\\Projects\\the-golden-chariot-of-Belintash\\app\\src\\localization\\menu.ts": {"lines":{"total":2,"covered":2,"skipped":0,"pct":100},"functions":{"total":1,"covered":1,"skipped":0,"pct":100},"statements":{"total":3,"covered":3,"skipped":0,"pct":100},"branches":{"total":0,"covered":0,"skipped":0,"pct":100}}
,"D:\\Projects\\the-golden-chariot-of-Belintash\\app\\src\\localization\\save.ts": {"lines":{"total":2,"covered":2,"skipped":0,"pct":100},"functions":{"total":1,"covered":1,"skipped":0,"pct":100},"statements":{"total":3,"covered":3,"skipped":0,"pct":100},"branches":{"total":0,"covered":0,"skipped":0,"pct":100}}
,"D:\\Projects\\the-golden-chariot-of-Belintash\\app\\src\\screens\\LoadGameScreen.tsx": {"lines":{"total":3,"covered":3,"skipped":0,"pct":100},"functions":{"total":1,"covered":1,"skipped":0,"pct":100},"statements":{"total":3,"covered":3,"skipped":0,"pct":100},"branches":{"total":0,"covered":0,"skipped":0,"pct":100}}
,"D:\\Projects\\the-golden-chariot-of-Belintash\\app\\src\\screens\\MainMenuScreen.tsx": {"lines":{"total":29,"covered":29,"skipped":0,"pct":100},"functions":{"total":10,"covered":10,"skipped":0,"pct":100},"statements":{"total":34,"covered":34,"skipped":0,"pct":100},"branches":{"total":22,"covered":20,"skipped":0,"pct":90.9}}
,"D:\\Projects\\the-golden-chariot-of-Belintash\\app\\src\\screens\\PlaceholderScreen.tsx": {"lines":{"total":3,"covered":3,"skipped":0,"pct":100},"functions":{"total":1,"covered":1,"skipped":0,"pct":100},"statements":{"total":3,"covered":3,"skipped":0,"pct":100},"branches":{"total":0,"covered":0,"skipped":0,"pct":100}}
,"D:\\Projects\\the-golden-chariot-of-Belintash\\app\\src\\services\\scenarioLoader.ts": {"lines":{"total":48,"covered":46,"skipped":0,"pct":95.83},"functions":{"total":18,"covered":14,"skipped":0,"pct":77.77},"statements":{"total":52,"covered":47,"skipped":0,"pct":90.38},"branches":{"total":21,"covered":19,"skipped":0,"pct":90.47}}
,"D:\\Projects\\the-golden-chariot-of-Belintash\\app\\src\\services\\guardianShell\\manualOverride.ts": {"lines":{"total":7,"covered":7,"skipped":0,"pct":100},"functions":{"total":4,"covered":4,"skipped":0,"pct":100},"statements":{"total":9,"covered":9,"skipped":0,"pct":100},"branches":{"total":0,"covered":0,"skipped":0,"pct":100}}
,"D:\\Projects\\the-golden-chariot-of-Belintash\\app\\src\\services\\haptics\\drySeal.ts": {"lines":{"total":6,"covered":6,"skipped":0,"pct":100},"functions":{"total":3,"covered":2,"skipped":0,"pct":66.66},"statements":{"total":7,"covered":6,"skipped":0,"pct":85.71},"branches":{"total":0,"covered":0,"skipped":0,"pct":100}}
,"D:\\Projects\\the-golden-chariot-of-Belintash\\app\\src\\services\\telemetry\\menu.ts": {"lines":{"total":13,"covered":13,"skipped":0,"pct":100},"functions":{"total":7,"covered":7,"skipped":0,"pct":100},"statements":{"total":15,"covered":15,"skipped":0,"pct":100},"branches":{"total":0,"covered":0,"skipped":0,"pct":100}}
,"D:\\Projects\\the-golden-chariot-of-Belintash\\app\\src\\services\\telemetry\\save.ts": {"lines":{"total":16,"covered":16,"skipped":0,"pct":100},"functions":{"total":9,"covered":9,"skipped":0,"pct":100},"statements":{"total":19,"covered":19,"skipped":0,"pct":100},"branches":{"total":0,"covered":0,"skipped":0,"pct":100}}
,"D:\\Projects\\the-golden-chariot-of-Belintash\\app\\src\\state\\entitlements.ts": {"lines":{"total":6,"covered":6,"skipped":0,"pct":100},"functions":{"total":6,"covered":6,"skipped":0,"pct":100},"statements":{"total":9,"covered":9,"skipped":0,"pct":100},"branches":{"total":0,"covered":0,"skipped":0,"pct":100}}
,"D:\\Projects\\the-golden-chariot-of-Belintash\\app\\src\\state\\perf.ts": {"lines":{"total":3,"covered":3,"skipped":0,"pct":100},"functions":{"total":4,"covered":4,"skipped":0,"pct":100},"statements":{"total":5,"covered":5,"skipped":0,"pct":100},"branches":{"total":0,"covered":0,"skipped":0,"pct":100}}
,"D:\\Projects\\the-golden-chariot-of-Belintash\\app\\src\\state\\saveSlots.ts": {"lines":{"total":13,"covered":13,"skipped":0,"pct":100},"functions":{"total":12,"covered":12,"skipped":0,"pct":100},"statements":{"total":18,"covered":18,"skipped":0,"pct":100},"branches":{"total":11,"covered":11,"skipped":0,"pct":100}}
,"D:\\Projects\\the-golden-chariot-of-Belintash\\app\\src\\state\\uxState.ts": {"lines":{"total":5,"covered":5,"skipped":0,"pct":100},"functions":{"total":5,"covered":5,"skipped":0,"pct":100},"statements":{"total":6,"covered":6,"skipped":0,"pct":100},"branches":{"total":0,"covered":0,"skipped":0,"pct":100}}
,"D:\\Projects\\the-golden-chariot-of-Belintash\\app\\src\\test-utils\\renderWithProviders.tsx": {"lines":{"total":4,"covered":4,"skipped":0,"pct":100},"functions":{"total":1,"covered":1,"skipped":0,"pct":100},"statements":{"total":4,"covered":4,"skipped":0,"pct":100},"branches":{"total":0,"covered":0,"skipped":0,"pct":100}}
,"D:\\Projects\\the-golden-chariot-of-Belintash\\app\\src\\test-utils\\saveSlotFactory.ts": {"lines":{"total":4,"covered":4,"skipped":0,"pct":100},"functions":{"total":1,"covered":1,"skipped":0,"pct":100},"statements":{"total":4,"covered":4,"skipped":0,"pct":100},"branches":{"total":17,"covered":17,"skipped":0,"pct":100}}
,"D:\\Projects\\the-golden-chariot-of-Belintash\\app\\src\\theme\\guardianShell.ts": {"lines":{"total":3,"covered":3,"skipped":0,"pct":100},"functions":{"total":1,"covered":1,"skipped":0,"pct":100},"statements":{"total":3,"covered":3,"skipped":0,"pct":100},"branches":{"total":2,"covered":2,"skipped":0,"pct":100}}
}
